This is pdfTeX, Version 3.14159265-2.6-1.40.16 (TeX Live 2015) (preloaded format=pdflatex 2015.5.24)  24 MAY 2017 16:37
entering extended mode
 restricted \write18 enabled.
 file:line:error style messages enabled.
 %&-line parsing enabled.
**exampleDissertation.tex
(./exampleDissertation.tex
LaTeX2e <2015/01/01>
Babel <3.9l> and hyphenation patterns for 79 languages loaded.
(/usr/local/texlive/2015/texmf-dist/tex/latex/base/book.cls
Document Class: book 2014/09/29 v1.4h Standard LaTeX document class
(/usr/local/texlive/2015/texmf-dist/tex/latex/base/bk12.clo
File: bk12.clo 2014/09/29 v1.4h Standard LaTeX file (size option)
)
\c@part=\count79
\c@chapter=\count80
\c@section=\count81
\c@subsection=\count82
\c@subsubsection=\count83
\c@paragraph=\count84
\c@subparagraph=\count85
\c@figure=\count86
\c@table=\count87
\abovecaptionskip=\skip41
\belowcaptionskip=\skip42
\bibindent=\dimen102
)
(/usr/local/texlive/2015/texmf-dist/tex/latex/geometry/geometry.sty
Package: geometry 2010/09/12 v5.6 Page Geometry

(/usr/local/texlive/2015/texmf-dist/tex/latex/graphics/keyval.sty
Package: keyval 2014/10/28 v1.15 key=value parser (DPC)
\KV@toks@=\toks14
)
(/usr/local/texlive/2015/texmf-dist/tex/generic/oberdiek/ifpdf.sty
Package: ifpdf 2011/01/30 v2.3 Provides the ifpdf switch (HO)
Package ifpdf Info: pdfTeX in PDF mode is detected.
)
(/usr/local/texlive/2015/texmf-dist/tex/generic/oberdiek/ifvtex.sty
Package: ifvtex 2010/03/01 v1.5 Detect VTeX and its facilities (HO)
Package ifvtex Info: VTeX not detected.
)
(/usr/local/texlive/2015/texmf-dist/tex/generic/ifxetex/ifxetex.sty
Package: ifxetex 2010/09/12 v0.6 Provides ifxetex conditional
)
\Gm@cnth=\count88
\Gm@cntv=\count89
\c@Gm@tempcnt=\count90
\Gm@bindingoffset=\dimen103
\Gm@wd@mp=\dimen104
\Gm@odd@mp=\dimen105
\Gm@even@mp=\dimen106
\Gm@layoutwidth=\dimen107
\Gm@layoutheight=\dimen108
\Gm@layouthoffset=\dimen109
\Gm@layoutvoffset=\dimen110
\Gm@dimlist=\toks15
)
(/usr/local/texlive/2015/texmf-dist/tex/latex/hyperref/hyperref.sty
Package: hyperref 2012/11/06 v6.83m Hypertext links for LaTeX

(/usr/local/texlive/2015/texmf-dist/tex/generic/oberdiek/hobsub-hyperref.sty
Package: hobsub-hyperref 2012/05/28 v1.13 Bundle oberdiek, subset hyperref (HO)


(/usr/local/texlive/2015/texmf-dist/tex/generic/oberdiek/hobsub-generic.sty
Package: hobsub-generic 2012/05/28 v1.13 Bundle oberdiek, subset generic (HO)
Package: hobsub 2012/05/28 v1.13 Construct package bundles (HO)
Package: infwarerr 2010/04/08 v1.3 Providing info/warning/error messages (HO)
Package: ltxcmds 2011/11/09 v1.22 LaTeX kernel commands for general use (HO)
Package: ifluatex 2010/03/01 v1.3 Provides the ifluatex switch (HO)
Package ifluatex Info: LuaTeX not detected.
Package hobsub Info: Skipping package `ifvtex' (already loaded).
Package: intcalc 2007/09/27 v1.1 Expandable calculations with integers (HO)
Package hobsub Info: Skipping package `ifpdf' (already loaded).
Package: etexcmds 2011/02/16 v1.5 Avoid name clashes with e-TeX commands (HO)
Package etexcmds Info: Could not find \expanded.
(etexcmds)             That can mean that you are not using pdfTeX 1.50 or
(etexcmds)             that some package has redefined \expanded.
(etexcmds)             In the latter case, load this package earlier.
Package: kvsetkeys 2012/04/25 v1.16 Key value parser (HO)
Package: kvdefinekeys 2011/04/07 v1.3 Define keys (HO)
Package: pdftexcmds 2011/11/29 v0.20 Utility functions of pdfTeX for LuaTeX (HO
)
Package pdftexcmds Info: LuaTeX not detected.
Package pdftexcmds Info: \pdf@primitive is available.
Package pdftexcmds Info: \pdf@ifprimitive is available.
Package pdftexcmds Info: \pdfdraftmode found.
Package: pdfescape 2011/11/25 v1.13 Implements pdfTeX's escape features (HO)
Package: bigintcalc 2012/04/08 v1.3 Expandable calculations on big integers (HO
)
Package: bitset 2011/01/30 v1.1 Handle bit-vector datatype (HO)
Package: uniquecounter 2011/01/30 v1.2 Provide unlimited unique counter (HO)
)
Package hobsub Info: Skipping package `hobsub' (already loaded).
Package: letltxmacro 2010/09/02 v1.4 Let assignment for LaTeX macros (HO)
Package: hopatch 2012/05/28 v1.2 Wrapper for package hooks (HO)
Package: xcolor-patch 2011/01/30 xcolor patch
Package: atveryend 2011/06/30 v1.8 Hooks at the very end of document (HO)
Package atveryend Info: \enddocument detected (standard20110627).
Package: atbegshi 2011/10/05 v1.16 At begin shipout hook (HO)
Package: refcount 2011/10/16 v3.4 Data extraction from label references (HO)
Package: hycolor 2011/01/30 v1.7 Color options for hyperref/bookmark (HO)
)
(/usr/local/texlive/2015/texmf-dist/tex/latex/oberdiek/auxhook.sty
Package: auxhook 2011/03/04 v1.3 Hooks for auxiliary files (HO)
)
(/usr/local/texlive/2015/texmf-dist/tex/latex/oberdiek/kvoptions.sty
Package: kvoptions 2011/06/30 v3.11 Key value format for package options (HO)
)
\@linkdim=\dimen111
\Hy@linkcounter=\count91
\Hy@pagecounter=\count92

(/usr/local/texlive/2015/texmf-dist/tex/latex/hyperref/pd1enc.def
File: pd1enc.def 2012/11/06 v6.83m Hyperref: PDFDocEncoding definition (HO)
)
\Hy@SavedSpaceFactor=\count93

(/usr/local/texlive/2015/texmf-dist/tex/latex/latexconfig/hyperref.cfg
File: hyperref.cfg 2002/06/06 v1.2 hyperref configuration of TeXLive
)
Package hyperref Info: Hyper figures OFF on input line 4443.
Package hyperref Info: Link nesting OFF on input line 4448.
Package hyperref Info: Hyper index ON on input line 4451.
Package hyperref Info: Plain pages OFF on input line 4458.
Package hyperref Info: Backreferencing OFF on input line 4463.
Package hyperref Info: Implicit mode ON; LaTeX internals redefined.
Package hyperref Info: Bookmarks ON on input line 4688.
\c@Hy@tempcnt=\count94

(/usr/local/texlive/2015/texmf-dist/tex/latex/url/url.sty
\Urlmuskip=\muskip10
Package: url 2013/09/16  ver 3.4  Verb mode for urls, etc.
)
LaTeX Info: Redefining \url on input line 5041.
\XeTeXLinkMargin=\dimen112
\Fld@menulength=\count95
\Field@Width=\dimen113
\Fld@charsize=\dimen114
Package hyperref Info: Hyper figures OFF on input line 6295.
Package hyperref Info: Link nesting OFF on input line 6300.
Package hyperref Info: Hyper index ON on input line 6303.
Package hyperref Info: backreferencing OFF on input line 6310.
Package hyperref Info: Link coloring OFF on input line 6315.
Package hyperref Info: Link coloring with OCG OFF on input line 6320.
Package hyperref Info: PDF/A mode OFF on input line 6325.
LaTeX Info: Redefining \ref on input line 6365.
LaTeX Info: Redefining \pageref on input line 6369.
\Hy@abspage=\count96
\c@Item=\count97
\c@Hfootnote=\count98
)

Package hyperref Message: Driver (autodetected): hpdftex.

(/usr/local/texlive/2015/texmf-dist/tex/latex/hyperref/hpdftex.def
File: hpdftex.def 2012/11/06 v6.83m Hyperref driver for pdfTeX
\Fld@listcount=\count99
\c@bookmark@seq@number=\count100

(/usr/local/texlive/2015/texmf-dist/tex/latex/oberdiek/rerunfilecheck.sty
Package: rerunfilecheck 2011/04/15 v1.7 Rerun checks for auxiliary files (HO)
Package uniquecounter Info: New unique counter `rerunfilecheck' on input line 2
82.
)
\Hy@SectionHShift=\skip43
)
(/usr/local/texlive/2015/texmf-dist/tex/latex/appendix/appendix.sty
Package: appendix 2009/09/02 v1.2b extra appendix facilities
\c@@pps=\count101
\c@@ppsavesec=\count102
\c@@ppsaveapp=\count103
)
(/usr/local/texlive/2015/texmf-dist/tex/latex/graphics/color.sty
Package: color 2014/10/28 v1.1a Standard LaTeX Color (DPC)

(/usr/local/texlive/2015/texmf-dist/tex/latex/latexconfig/color.cfg
File: color.cfg 2007/01/18 v1.5 color configuration of teTeX/TeXLive
)
Package color Info: Driver file: pdftex.def on input line 142.

(/usr/local/texlive/2015/texmf-dist/tex/latex/pdftex-def/pdftex.def
File: pdftex.def 2011/05/27 v0.06d Graphics/color for pdfTeX
\Gread@gobject=\count104
))
(/Users/glwagner/Library/texmf/tex/latex/amssymb.sty
Package: amssymb 1995/02/01 v2.2a

(/Users/glwagner/Library/texmf/tex/latex/amsfonts.sty
Package: amsfonts 1995/02/01 v2.2b
\@emptytoks=\toks16
\symAMSa=\mathgroup4
\symAMSb=\mathgroup5
LaTeX Font Info:    Overwriting math alphabet `\mathfrak' in version `bold'
(Font)                  U/euf/m/n --> U/euf/b/n on input line 128.
))
(/usr/local/texlive/2015/texmf-dist/tex/latex/amsmath/amsmath.sty
Package: amsmath 2013/01/14 v2.14 AMS math features
\@mathmargin=\skip44

For additional information on amsmath, use the `?' option.
(/usr/local/texlive/2015/texmf-dist/tex/latex/amsmath/amstext.sty
Package: amstext 2000/06/29 v2.01

(/Users/glwagner/Library/texmf/tex/latex/amsgen.sty
File: amsgen.sty 1995/02/01 v1.2a
\@emptytoks=\toks17
\ex@=\dimen115
))
(/Users/glwagner/Library/texmf/tex/latex/amsbsy.sty
Package: amsbsy 1995/01/20 v1.2
\pmbraise@=\dimen116
)
(/usr/local/texlive/2015/texmf-dist/tex/latex/amsmath/amsopn.sty
Package: amsopn 1999/12/14 v2.01 operator names
)
\inf@bad=\count105
LaTeX Info: Redefining \frac on input line 210.
\uproot@=\count106
\leftroot@=\count107
LaTeX Info: Redefining \overline on input line 306.
\classnum@=\count108
\DOTSCASE@=\count109
LaTeX Info: Redefining \ldots on input line 378.
LaTeX Info: Redefining \dots on input line 381.
LaTeX Info: Redefining \cdots on input line 466.
\Mathstrutbox@=\box26
\strutbox@=\box27
\big@size=\dimen117
LaTeX Font Info:    Redeclaring font encoding OML on input line 566.
LaTeX Font Info:    Redeclaring font encoding OMS on input line 567.
\macc@depth=\count110
\c@MaxMatrixCols=\count111
\dotsspace@=\muskip11
\c@parentequation=\count112
\dspbrk@lvl=\count113
\tag@help=\toks18
\row@=\count114
\column@=\count115
\maxfields@=\count116
\andhelp@=\toks19
\eqnshift@=\dimen118
\alignsep@=\dimen119
\tagshift@=\dimen120
\tagwidth@=\dimen121
\totwidth@=\dimen122
\lineht@=\dimen123
\@envbody=\toks20
\multlinegap=\skip45
\multlinetaggap=\skip46
\mathdisplay@stack=\toks21
LaTeX Info: Redefining \[ on input line 2665.
LaTeX Info: Redefining \] on input line 2666.
)
(/usr/local/texlive/2015/texmf-dist/tex/latex/amscls/amsthm.sty
Package: amsthm 2015/03/04 v2.20.2
\thm@style=\toks22
\thm@bodyfont=\toks23
\thm@headfont=\toks24
\thm@notefont=\toks25
\thm@headpunct=\toks26
\thm@preskip=\skip47
\thm@postskip=\skip48
\thm@headsep=\skip49
\dth@everypar=\toks27
)
(/usr/local/texlive/2015/texmf-dist/tex/latex/tools/verbatim.sty
Package: verbatim 2014/10/28 v1.5q LaTeX2e package for verbatim enhancements
\every@verbatim=\toks28
\verbatim@line=\toks29
\verbatim@in@stream=\read1
)
(/usr/local/texlive/2015/texmf-dist/tex/latex/wasysym/wasysym.sty
Package: wasysym 2003/10/30 v2.0 Wasy-2 symbol support package
\symwasy=\mathgroup6
LaTeX Font Info:    Overwriting symbol font `wasy' in version `bold'
(Font)                  U/wasy/m/n --> U/wasy/b/n on input line 90.
)
(/usr/local/texlive/2015/texmf-dist/tex/latex/jknapltx/mathrsfs.sty
Package: mathrsfs 1996/01/01 Math RSFS package v1.0 (jk)
\symrsfs=\mathgroup7
)
(/usr/local/texlive/2015/texmf-dist/tex/latex/etaremune/etaremune.sty
Package: etaremune 2005/06/01 v1.2 Reversed enumerate (HA)

(/usr/local/texlive/2015/texmf-dist/tex/latex/xkeyval/xkeyval.sty
Package: xkeyval 2014/12/03 v2.7a package option processing (HA)

(/usr/local/texlive/2015/texmf-dist/tex/generic/xkeyval/xkeyval.tex
(/usr/local/texlive/2015/texmf-dist/tex/generic/xkeyval/xkvutils.tex
\XKV@toks=\toks30
\XKV@tempa@toks=\toks31
)
\XKV@depth=\count117
File: xkeyval.tex 2014/12/03 v2.7a key=value parser (HA)
))
\c@EM@itemctr=\count118
\c@EM@etaremunectr=\count119
)
(/usr/local/texlive/2015/texmf-dist/tex/latex/amsfonts/eucal.sty
Package: eucal 2009/06/22 v3.00 Euler Script fonts
LaTeX Font Info:    Overwriting math alphabet `\EuScript' in version `bold'
(Font)                  U/eus/m/n --> U/eus/b/n on input line 33.
)
(/usr/local/texlive/2015/texmf-dist/tex/latex/caption/caption.sty
Package: caption 2013/05/02 v3.3-89 Customizing captions (AR)

(/usr/local/texlive/2015/texmf-dist/tex/latex/caption/caption3.sty
Package: caption3 2013/05/02 v1.6-88 caption3 kernel (AR)
Package caption3 Info: TeX engine: e-TeX on input line 57.
\captionmargin=\dimen124
\captionmargin@=\dimen125
\captionwidth=\dimen126
\caption@tempdima=\dimen127
\caption@indent=\dimen128
\caption@parindent=\dimen129
\caption@hangindent=\dimen130
)
\c@ContinuedFloat=\count120
Package caption Info: hyperref package is loaded.
)
(/usr/local/texlive/2015/texmf-dist/tex/latex/fancyhdr/fancyhdr.sty
\fancy@headwidth=\skip50
\f@ncyO@elh=\skip51
\f@ncyO@erh=\skip52
\f@ncyO@olh=\skip53
\f@ncyO@orh=\skip54
\f@ncyO@elf=\skip55
\f@ncyO@erf=\skip56
\f@ncyO@olf=\skip57
\f@ncyO@orf=\skip58
)
(/usr/local/texlive/2015/texmf-dist/tex/latex/lineno/lineno.sty
Package: lineno 2005/11/02 line numbers on paragraphs v4.41
\linenopenalty=\count121
\output=\toks32
\linenoprevgraf=\count122
\linenumbersep=\dimen131
\linenumberwidth=\dimen132
\c@linenumber=\count123
\c@pagewiselinenumber=\count124
\c@LN@truepage=\count125
\c@internallinenumber=\count126
\c@internallinenumbers=\count127
\quotelinenumbersep=\dimen133
\bframerule=\dimen134
\bframesep=\dimen135
\bframebox=\box28
LaTeX Info: Redefining \\ on input line 3056.
) (./natbib.sty
Package: natbib 2000/07/24 7.0a (PWD)
\bibhang=\skip59
\bibsep=\skip60
LaTeX Info: Redefining \cite on input line 508.
\c@NAT@ctr=\count128
) (/usr/local/texlive/2015/texmf-dist/tex/latex/setspace/setspace.sty
Package: setspace 2011/12/19 v6.7a set line spacing
)
(/usr/local/texlive/2015/texmf-dist/tex/latex/tools/indentfirst.sty
Package: indentfirst 1995/11/23 v1.03 Indent first paragraph (DPC)
)
(/usr/local/texlive/2015/texmf-dist/tex/latex/graphics/epsfig.sty
Package: epsfig 1999/02/16 v1.7a (e)psfig emulation (SPQR)

(/usr/local/texlive/2015/texmf-dist/tex/latex/graphics/graphicx.sty
Package: graphicx 2014/10/28 v1.0g Enhanced LaTeX Graphics (DPC,SPQR)

(/usr/local/texlive/2015/texmf-dist/tex/latex/graphics/graphics.sty
Package: graphics 2014/10/28 v1.0p Standard LaTeX Graphics (DPC,SPQR)

(/usr/local/texlive/2015/texmf-dist/tex/latex/graphics/trig.sty
Package: trig 1999/03/16 v1.09 sin cos tan (DPC)
)
(/usr/local/texlive/2015/texmf-dist/tex/latex/latexconfig/graphics.cfg
File: graphics.cfg 2010/04/23 v1.9 graphics configuration of TeX Live
)
Package graphics Info: Driver file: pdftex.def on input line 94.
)
\Gin@req@height=\dimen136
\Gin@req@width=\dimen137
)
\epsfxsize=\dimen138
\epsfysize=\dimen139
)
(/usr/local/texlive/2015/texmf-dist/tex/latex/float/float.sty
Package: float 2001/11/08 v1.3d Float enhancements (AL)
\c@float@type=\count129
\float@exts=\toks33
\float@box=\box29
\@float@everytoks=\toks34
\@floatcapt=\box30
)
(/usr/local/texlive/2015/texmf-dist/tex/latex/graphics/lscape.sty
Package: lscape 2000/10/22 v3.01 Landscape Pages (DPC)
)
(/usr/local/texlive/2015/texmf-dist/tex/latex/koma-script/scrextend.sty
Package: scrextend 2015/05/06 v3.17a KOMA-Script package (extend other classes 
with features of KOMA-Script classes)

(/usr/local/texlive/2015/texmf-dist/tex/latex/koma-script/scrkbase.sty
Package: scrkbase 2015/05/06 v3.17a KOMA-Script package (KOMA-Script-dependent 
basics and keyval usage)

(/usr/local/texlive/2015/texmf-dist/tex/latex/koma-script/scrbase.sty
Package: scrbase 2015/05/06 v3.17a KOMA-Script package (KOMA-Script-independent
 basics and keyval usage)

(/usr/local/texlive/2015/texmf-dist/tex/latex/koma-script/scrlfile.sty
Package: scrlfile 2015/05/06 v3.17a KOMA-Script package (loading files)

Package scrlfile, 2015/05/06 v3.17a KOMA-Script package (loading files)
                  Copyright (C) Markus Kohm

)))

LaTeX Warning: Command \@footnotemark  has changed.
               Check if current package is valid.

LaTeX Info: Redefining \textsubscript on input line 1265.
) (/usr/local/texlive/2015/texmf-dist/tex/latex/rotating/rotating.sty
Package: rotating 2009/03/28 v2.16a rotated objects in LaTeX

(/usr/local/texlive/2015/texmf-dist/tex/latex/base/ifthen.sty
Package: ifthen 2014/09/29 v1.1c Standard LaTeX ifthen package (DPC)
)
\c@r@tfl@t=\count130
\rotFPtop=\skip61
\rotFPbot=\skip62
\rot@float@box=\box31
\rot@mess@toks=\toks35
)
(./dissertationTableContentTweaks.sty
(/usr/local/texlive/2015/texmf-dist/tex/latex/tocloft/tocloft.sty
Package: tocloft 2013/05/02 v2.3f parameterised ToC, etc., typesetting
Package tocloft Info: The document has chapter divisions on input line 44.
\cftparskip=\skip63
\cftbeforetoctitleskip=\skip64
\cftaftertoctitleskip=\skip65
\cftbeforepartskip=\skip66
\cftpartnumwidth=\skip67
\cftpartindent=\skip68
\cftbeforechapskip=\skip69
\cftchapindent=\skip70
\cftchapnumwidth=\skip71
\cftbeforesecskip=\skip72
\cftsecindent=\skip73
\cftsecnumwidth=\skip74
\cftbeforesubsecskip=\skip75
\cftsubsecindent=\skip76
\cftsubsecnumwidth=\skip77
\cftbeforesubsubsecskip=\skip78
\cftsubsubsecindent=\skip79
\cftsubsubsecnumwidth=\skip80
\cftbeforeparaskip=\skip81
\cftparaindent=\skip82
\cftparanumwidth=\skip83
\cftbeforesubparaskip=\skip84
\cftsubparaindent=\skip85
\cftsubparanumwidth=\skip86
\cftbeforeloftitleskip=\skip87
\cftafterloftitleskip=\skip88
\cftbeforefigskip=\skip89
\cftfigindent=\skip90
\cftfignumwidth=\skip91
\c@lofdepth=\count131
\c@lotdepth=\count132
\cftbeforelottitleskip=\skip92
\cftafterlottitleskip=\skip93
\cftbeforetabskip=\skip94
\cfttabindent=\skip95
\cfttabnumwidth=\skip96
)
(/usr/local/texlive/2015/texmf-dist/tex/latex/tools/calc.sty
Package: calc 2014/10/28 v4.3 Infix arithmetic (KKT,FJ)
\calc@Acount=\count133
\calc@Bcount=\count134
\calc@Adimen=\dimen140
\calc@Bdimen=\dimen141
\calc@Askip=\skip97
\calc@Bskip=\skip98
LaTeX Info: Redefining \setlength on input line 80.
LaTeX Info: Redefining \addtolength on input line 81.
\calc@Ccount=\count135
\calc@Cskip=\skip99
))
(./dissertationPageStyles.sty) (./dissertationRotatedFigures.sty)
(./dissertationCustomCommands.sty
(/usr/local/texlive/2015/texmf-dist/tex/latex/scalerel/scalerel.sty
Package: scalerel 2015/02/18 v1.7 Routines for constrained scaling and stretchi
ng of objects, relative to a reference object or in absolute terms

(/usr/local/texlive/2015/texmf-dist/tex/latex/etoolbox/etoolbox.sty
Package: etoolbox 2015/05/04 v2.2 e-TeX tools for LaTeX (JAW)
\etb@tempcnta=\count136
)
\thesrwidth=\skip100
\thesrheight=\skip101
\srblobheight=\skip102
\srblobdepth=\skip103
\mnxsrwidth=\skip104
\prebox=\box32
\LMex=\skip105
\LMpt=\skip106
)
(./stackengine.sty
Package: stackengine 2014/01/06 v3.24\ Stacking text and objects in convenient 
ways
\c@@stackindex=\count137
\@boxshift=\skip107
\stack@tmplength=\skip108
\temp@stkl=\skip109
\@stackedboxwidth=\skip110
\@addedbox=\box33
\@anchorbox=\box34
\stackedbox=\box35
\@centerbox=\box36
\c@ROWcellindex@=\count138
)) (./exampleDissertation.aux)
\openout1 = `exampleDissertation.aux'.

LaTeX Font Info:    Checking defaults for OML/cmm/m/it on input line 28.
LaTeX Font Info:    ... okay on input line 28.
LaTeX Font Info:    Checking defaults for T1/cmr/m/n on input line 28.
LaTeX Font Info:    ... okay on input line 28.
LaTeX Font Info:    Checking defaults for OT1/cmr/m/n on input line 28.
LaTeX Font Info:    ... okay on input line 28.
LaTeX Font Info:    Checking defaults for OMS/cmsy/m/n on input line 28.
LaTeX Font Info:    ... okay on input line 28.
LaTeX Font Info:    Checking defaults for OMX/cmex/m/n on input line 28.
LaTeX Font Info:    ... okay on input line 28.
LaTeX Font Info:    Checking defaults for U/cmr/m/n on input line 28.
LaTeX Font Info:    ... okay on input line 28.
LaTeX Font Info:    Checking defaults for PD1/pdf/m/n on input line 28.
LaTeX Font Info:    ... okay on input line 28.

*geometry* driver: auto-detecting
*geometry* detected driver: pdftex
*geometry* verbose mode - [ preamble ] result:
* driver: pdftex
* paper: <default>
* layout: <same size as paper>
* layoutoffset:(h,v)=(0.0pt,0.0pt)
* hratio: 1:1
* vratio: 1:1
* modes: 
* h-part:(L,W,R)=(108.405pt, 433.62001pt, 72.26999pt)
* v-part:(T,H,B)=(72.26999pt, 632.3625pt, 90.3375pt)
* \paperwidth=614.295pt
* \paperheight=794.96999pt
* \textwidth=433.62001pt
* \textheight=632.3625pt
* \oddsidemargin=36.13501pt
* \evensidemargin=36.13501pt
* \topmargin=-31.8738pt
* \headheight=12.0pt
* \headsep=19.8738pt
* \topskip=12.0pt
* \footskip=30.0pt
* \marginparwidth=47.0pt
* \marginparsep=7.0pt
* \columnsep=10.0pt
* \skip\footins=10.8pt plus 4.0pt minus 2.0pt
* \hoffset=0.0pt
* \voffset=0.0pt
* \mag=1000
* \@twocolumnfalse
* \@twosidefalse
* \@mparswitchfalse
* \@reversemarginfalse
* (1in=72.27pt=25.4mm, 1cm=28.453pt)

\AtBeginShipoutBox=\box37
Package hyperref Info: Link coloring OFF on input line 28.
(/usr/local/texlive/2015/texmf-dist/tex/latex/hyperref/nameref.sty
Package: nameref 2012/10/27 v2.43 Cross-referencing by name of section

(/usr/local/texlive/2015/texmf-dist/tex/generic/oberdiek/gettitlestring.sty
Package: gettitlestring 2010/12/03 v1.4 Cleanup title references (HO)
)
\c@section@level=\count139
)
LaTeX Info: Redefining \ref on input line 28.
LaTeX Info: Redefining \pageref on input line 28.
LaTeX Info: Redefining \nameref on input line 28.

(./exampleDissertation.out) (./exampleDissertation.out)
\@outlinefile=\write3
\openout3 = `exampleDissertation.out'.


(/usr/local/texlive/2015/texmf-dist/tex/context/base/supp-pdf.mkii
[Loading MPS to PDF converter (version 2006.09.02).]
\scratchcounter=\count140
\scratchdimen=\dimen142
\scratchbox=\box38
\nofMPsegments=\count141
\nofMParguments=\count142
\everyMPshowfont=\toks36
\MPscratchCnt=\count143
\MPscratchDim=\dimen143
\MPnumerator=\count144
\makeMPintoPDFobject=\count145
\everyMPtoPDFconversion=\toks37
)
Package caption Info: Begin \AtBeginDocument code.
Package caption Info: float package is loaded.
Package caption Info: rotating package is loaded.
Package caption Info: End \AtBeginDocument code.
 (/usr/local/texlive/2015/texmf-dist/tex/latex/oberdiek/epstopdf-base.sty
Package: epstopdf-base 2010/02/09 v2.5 Base part for package epstopdf

(/usr/local/texlive/2015/texmf-dist/tex/latex/oberdiek/grfext.sty
Package: grfext 2010/08/19 v1.1 Manage graphics extensions (HO)
)
Package grfext Info: Graphics extension search list:
(grfext)             [.png,.pdf,.jpg,.mps,.jpeg,.jbig2,.jb2,.PNG,.PDF,.JPG,.JPE
G,.JBIG2,.JB2,.eps]
(grfext)             \AppendGraphicsExtensions on input line 452.

(/usr/local/texlive/2015/texmf-dist/tex/latex/latexconfig/epstopdf-sys.cfg
File: epstopdf-sys.cfg 2010/07/13 v1.3 Configuration of (r)epstopdf for TeX Liv
e
))
Underfull \hbox (badness 10000) in paragraph at lines 48--56

 []

[1

{/usr/local/texlive/2015/texmf-var/fonts/map/pdftex/updmap/pdftex.map}]
LaTeX Font Info:    Try loading font information for U+msa on input line 72.

(/usr/local/texlive/2015/texmf-dist/tex/latex/amsfonts/umsa.fd
File: umsa.fd 2013/01/14 v3.01 AMS symbols A
)
LaTeX Font Info:    Try loading font information for U+msb on input line 72.

(/usr/local/texlive/2015/texmf-dist/tex/latex/amsfonts/umsb.fd
File: umsb.fd 2013/01/14 v3.01 AMS symbols B
)
LaTeX Font Info:    Try loading font information for U+wasy on input line 72.

(/usr/local/texlive/2015/texmf-dist/tex/latex/wasysym/uwasy.fd
File: uwasy.fd 2003/10/30 v2.0 Wasy-2 symbol font definitions
)
LaTeX Font Info:    Try loading font information for U+rsfs on input line 72.

(/usr/local/texlive/2015/texmf-dist/tex/latex/jknapltx/ursfs.fd
File: ursfs.fd 1998/03/24 rsfs font definition file (jk)
) [2

]
Underfull \hbox (badness 10000) in paragraph at lines 81--89

 []

[3

] [4

] (./exampleDissertation.toc [5

] [6])
\tf@toc=\write4
\openout4 = `exampleDissertation.toc'.

 [7] (./exampleDissertation.lof)
\tf@lof=\write5
\openout5 = `exampleDissertation.lof'.


[8

] (./exampleDissertation.lot)
\tf@lot=\write6
\openout6 = `exampleDissertation.lot'.

 [9

] [10

] [11] [12]
Overfull \hbox (24.38042pt too wide) in paragraph at lines 175--185
[][] 
 []


Underfull \hbox (badness 10000) in paragraph at lines 194--197

 []


Underfull \hbox (badness 10000) in paragraph at lines 198--201

 []


Underfull \hbox (badness 10000) in paragraph at lines 202--205

 []


Underfull \hbox (badness 10000) in paragraph at lines 206--209

 []


Underfull \hbox (badness 10000) in paragraph at lines 210--214

 []


Underfull \hbox (badness 10000) in paragraph at lines 215--218

 []

[13

] [14

] [15]
Chapter 1.

Package natbib Warning: Citation `ward2000rare' on page 1 undefined on input li
ne 265.


Package natbib Warning: Citation `levitus2012world' on page 1 undefined on inpu
t line 267.

[1

]

Package Fancyhdr Warning: \fancyhead's `E' option without twoside option is use
less on input line 273.

<mapAndSpectra.pdf, id=449, 769.3903pt x 393.69444pt>
File: mapAndSpectra.pdf Graphic file (type pdf)
 <use mapAndSpectra.pdf>
Package pdftex.def Info: mapAndSpectra.pdf used on input line 281.
(pdftex.def)             Requested size: 433.62001pt x 221.88509pt.

[2]

Package natbib Warning: Citation `musgrave2016stratified' on page 3 undefined o
n input line 288.

[3 <./mapAndSpectra.pdf>]

Package natbib Warning: Citation `westpacData' undefined on input line 290.


Package natbib Warning: Citation `danabasoglu2012ccsm4' on page 4 undefined on 
input line 294.


Package natbib Warning: Citation `danabasoglu2007effects' on page 4 undefined o
n input line 294.


Package natbib Warning: Citation `melet2013sensitivity' on page 4 undefined on 
input line 294.


Package natbib Warning: Citation `green2013comparison' on page 4 undefined on i
nput line 294.


Package natbib Warning: Citation `olbers2013global' on page 4 undefined on inpu
t line 294.


Package natbib Warning: Citation `melet2014sensitivity' on page 4 undefined on 
input line 294.


Package natbib Warning: Citation `jochum2013impact' on page 4 undefined on inpu
t line 294.

[4] [5]

LaTeX Font Warning: Font shape `U/wasy/b/n' in size <8> not available
(Font)              Font shape `U/wasy/m/n' tried instead on input line 308.


LaTeX Font Warning: Font shape `U/wasy/b/n' in size <6> not available
(Font)              Font shape `U/wasy/m/n' tried instead on input line 308.

[6] [7] [8] [9]

Package natbib Warning: Citation `lighthill2001waves' on page 10 undefined on i
nput line 390.

[10] [11] [12] [13]

Package natbib Warning: Citation `bartello1995geostrophic' on page 14 undefined
 on input line 444.


Package natbib Warning: Citation `majda1998averaging' on page 14 undefined on i
nput line 444.


Package natbib Warning: Citation `warn1986statistical' on page 14 undefined on 
input line 444.


Package natbib Warning: Citation `dewar1995fast' on page 14 undefined on input 
line 444.

[14] [15] [16] [17]

Package natbib Warning: Citation `DAsaro1995' on page 18 undefined on input lin
e 521.


Package natbib Warning: Citation `niwa1999response' on page 18 undefined on inp
ut line 521.


Package natbib Warning: Citation `danioux2008propagation' on page 18 undefined 
on input line 521.

[18]

Package natbib Warning: Citation `roberts1985introduction' on page 19 undefined
 on input line 523.

[19]
Chapter 2.

Package natbib Warning: Citation `callies2014transition' undefined on input lin
e 537.

[20

]

Package natbib Warning: Citation `Pedlosky' on page 21 undefined on input line 
541.


Package natbib Warning: Citation `Salmon' on page 21 undefined on input line 54
1.


Package natbib Warning: Citation `Vallis' on page 21 undefined on input line 54
1.

[21]

Package natbib Warning: Citation `AndrewsMcIntyre' on page 22 undefined on inpu
t line 559.


Package natbib Warning: Citation `zeitlin2003' undefined on input line 561.


Package natbib Warning: Citation `Vanneste2013' on page 22 undefined on input l
ine 561.


Package natbib Warning: Citation `reznik2001' undefined on input line 561.

[22]

Package natbib Warning: Citation `KataokaAkylas' on page 23 undefined on input 
line 563.


Package natbib Warning: Citation `XieVanneste' on page 23 undefined on input li
ne 563.


Package natbib Warning: Citation `XieVanneste' on page 23 undefined on input li
ne 563.

[23]

Package natbib Warning: Citation `BuhlerMcIntyre' undefined on input line 569.


Package natbib Warning: Citation `AndrewsMcIntyre' undefined on input line 569.



Package natbib Warning: Citation `Holmes2011' undefined on input line 569.

[24] [25]

Package natbib Warning: Citation `HollidayMcIntyre' undefined on input line 614
.


Package natbib Warning: Citation `zeitlin2003' on page 26 undefined on input li
ne 626.

[26] [27] [28] [29] [30] [31] [32] [33]

Package natbib Warning: Citation `muller1986nonlinear' on page 34 undefined on 
input line 776.

[34]

Package natbib Warning: Citation `Buhler' on page 35 undefined on input line 80
4.


Package natbib Warning: Citation `Craik' on page 35 undefined on input line 804
.

[35]

Package hyperref Warning: Token not allowed in a PDF string (PDFDocEncoding):
(hyperref)                removing `math shift' on input line 836.


Package hyperref Warning: Token not allowed in a PDF string (PDFDocEncoding):
(hyperref)                removing `subscript' on input line 836.


Package hyperref Warning: Token not allowed in a PDF string (PDFDocEncoding):
(hyperref)                removing `math shift' on input line 836.

[36] [37] [38]

Package natbib Warning: Citation `AndrewsMcIntyre' on page 39 undefined on inpu
t line 906.


Package natbib Warning: Citation `Holmes2011' on page 39 undefined on input lin
e 908.


Package natbib Warning: Citation `Buhler' on page 39 undefined on input line 91
0.

[39]

Package natbib Warning: Citation `McIntyre1988' on page 40 undefined on input l
ine 912.

[40]

Package hyperref Warning: Token not allowed in a PDF string (PDFDocEncoding):
(hyperref)                removing `math shift' on input line 924.


Package hyperref Warning: Token not allowed in a PDF string (PDFDocEncoding):
(hyperref)                removing `superscript' on input line 924.


Package hyperref Warning: Token not allowed in a PDF string (PDFDocEncoding):
(hyperref)                removing `math shift' on input line 924.

[41]

Package natbib Warning: Citation `batchelor2000introduction' on page 42 undefin
ed on input line 941.

[42] [43] <meanFluidElement.pdf, id=1114, 794.97pt x 399.52332pt>
File: meanFluidElement.pdf Graphic file (type pdf)

<use meanFluidElement.pdf>
Package pdftex.def Info: meanFluidElement.pdf used on input line 998.
(pdftex.def)             Requested size: 433.62001pt x 217.92792pt.


LaTeX Font Warning: Font shape `U/wasy/b/n' in size <7> not available
(Font)              Font shape `U/wasy/m/n' tried instead on input line 999.


LaTeX Font Warning: Font shape `U/wasy/b/n' in size <5> not available
(Font)              Font shape `U/wasy/m/n' tried instead on input line 999.

[44] [45 <./meanFluidElement.pdf, page is rotated 270 degrees>] [46]
<twoWavePackets.pdf, id=1285, 1400.8211pt x 637.33408pt>
File: twoWavePackets.pdf Graphic file (type pdf)

<use twoWavePackets.pdf>
Package pdftex.def Info: twoWavePackets.pdf used on input line 1050.
(pdftex.def)             Requested size: 433.62001pt x 197.27977pt.

Overfull \hbox (24.38771pt too wide) in paragraph at lines 1055--1055
[]\OT1/cmr/bx/n/14.4 The Brether-ton flow: mean mo-tion in-duced by a verticall
y-
 []


Package natbib Warning: Citation `Bretherton' on page 47 undefined on input lin
e 1057.

[47] [48 <./twoWavePackets.pdf>]
Overfull \hbox (11.35078pt too wide) in paragraph at lines 1101--1122
 [] 
 []

[49] [50] [51] [52] <inducedFlow_xz.pdf, id=1422, 861.32312pt x 470.84065pt>
File: inducedFlow_xz.pdf Graphic file (type pdf)

<use inducedFlow_xz.pdf>
Package pdftex.def Info: inducedFlow_xz.pdf used on input line 1207.
(pdftex.def)             Requested size: 433.62001pt x 237.03624pt.
 [53]
Package epstopdf Info: Source file: <inducedFlow_xy.eps>
(epstopdf)                    date: 2015-10-06 21:47:08
(epstopdf)                    size: 2490306 bytes
(epstopdf)             Output file: <inducedFlow_xy-eps-converted-to.pdf>
(epstopdf)                    date: 2016-04-09 21:45:52
(epstopdf)                    size: 202439 bytes
(epstopdf)             Command: <repstopdf --outfile=inducedFlow_xy-eps-convert
ed-to.pdf inducedFlow_xy.eps>
(epstopdf)             \includegraphics on input line 1221.
Package epstopdf Info: Output file is already uptodate.

<inducedFlow_xy-eps-converted-to.pdf, id=1440, 514.92375pt x 350.30875pt>
File: inducedFlow_xy-eps-converted-to.pdf Graphic file (type pdf)

<use inducedFlow_xy-eps-converted-to.pdf>
Package pdftex.def Info: inducedFlow_xy-eps-converted-to.pdf used on input line
 1221.
(pdftex.def)             Requested size: 433.62001pt x 295.00568pt.
 [54 <./inducedFlow_xz.pdf>] [55 <./inducedFlow_xy-eps-converted-to.pdf>] [56]

Package natbib Warning: Citation `BuhlerMcIntyre' on page 57 undefined on input
 line 1260.


Package natbib Warning: Citation `Buhler' on page 57 undefined on input line 12
64.

[57]

Package natbib Warning: Citation `McIntyre1988' on page 58 undefined on input l
ine 1268.


Package natbib Warning: Citation `XieVanneste' on page 58 undefined on input li
ne 1272.

[58]

Package natbib Warning: Citation `Buhler' on page 59 undefined on input line 13
04.


Package natbib Warning: Citation `Craik' on page 59 undefined on input line 130
4.

[59] [60] [61]

Package hyperref Warning: Token not allowed in a PDF string (PDFDocEncoding):
(hyperref)                removing `math shift' on input line 1377.


Package hyperref Warning: Token not allowed in a PDF string (PDFDocEncoding):
(hyperref)                removing `superscript' on input line 1377.


Package hyperref Warning: Token not allowed in a PDF string (PDFDocEncoding):
(hyperref)                removing `math shift' on input line 1377.

[62]

Package natbib Warning: Citation `AndrewsMcIntyre' on page 63 undefined on inpu
t line 1404.


Package natbib Warning: Citation `AndrewsMcIntyre' on page 63 undefined on inpu
t line 1409.

[63] [64]

Package natbib Warning: Citation `Holmes2011' on page 65 undefined on input lin
e 1451.


Package natbib Warning: Citation `Holmes2011' on page 65 undefined on input lin
e 1451.

[65]
Chapter 3.

Package natbib Warning: Citation `Ferrari2009' on page 66 undefined on input li
ne 1470.


Package natbib Warning: Citation `M75' on page 66 undefined on input line 1472.



Package natbib Warning: Citation `K85' on page 66 undefined on input line 1472.



Package natbib Warning: Citation `YBJ' undefined on input line 1472.

[66

]

Package natbib Warning: Citation `danioux2008propagation' undefined on input li
ne 1474.


Package natbib Warning: Citation `KLS2001' undefined on input line 1474.


Package natbib Warning: Citation `KLSL2004' undefined on input line 1474.


Package natbib Warning: Citation `XieVanneste' undefined on input line 1476.


Package natbib Warning: Citation `BuhlerMcIntyre' undefined on input line 1476.



Package natbib Warning: Citation `WagnerYoung' undefined on input line 1476.


Overfull \hbox (2.96266pt too wide) in paragraph at lines 1478--1478
[]\OT1/cmr/bx/n/14.4 The $\OT1/cmr/m/n/14.4 2\OML/cmm/m/it/14.4 f[]$ \OT1/cmr/b
x/n/14.4 har-monic and mo-ti-va-tion for a three-component
 []


Package hyperref Warning: Token not allowed in a PDF string (PDFDocEncoding):
(hyperref)                removing `math shift' on input line 1478.


Package hyperref Warning: Token not allowed in a PDF string (PDFDocEncoding):
(hyperref)                removing `subscript' on input line 1478.


Package hyperref Warning: Token not allowed in a PDF string (PDFDocEncoding):
(hyperref)                removing `math shift' on input line 1478.


Package natbib Warning: Citation `DAsaro1995' on page 67 undefined on input lin
e 1480.


Package natbib Warning: Citation `niwa1999response' on page 67 undefined on inp
ut line 1480.


Package natbib Warning: Citation `danioux2008propagation' on page 67 undefined 
on input line 1480.

[67] [68]

Package natbib Warning: Citation `Winters' undefined on input line 1490.

<introPdf.pdf, id=1641, 564.39226pt x 721.57973pt>
File: introPdf.pdf Graphic file (type pdf)
 <use introPdf.pdf>
Package pdftex.def Info: introPdf.pdf used on input line 1494.
(pdftex.def)             Requested size: 410.53027pt x 524.86201pt.


LaTeX Warning: Float too large for page by 10.49953pt on input line 1497.


Package natbib Warning: Citation `balmforth' on page 69 undefined on input line
 1499.


Package natbib Warning: Citation `LeeNiiler' on page 69 undefined on input line
 1499.

[69] [70 <./introPdf.pdf>]
Overfull \hbox (1.3922pt too wide) in paragraph at lines 1513--1515
\OT1/cmr/m/n/12 where $\OML/cmm/m/it/12 A\OT1/cmr/m/n/12 (\OML/cmm/m/it/12 x; y
; z; t\OT1/cmr/m/n/12 )$ is the NIW en-ve-lope and $\OML/cmm/m/it/12  \OT1/cmr/
m/n/12 (\OML/cmm/m/it/12 x; y; z; t\OT1/cmr/m/n/12 )$ is the quasi-geostrophic 
stream-
 []

[71]

Package natbib Warning: Citation `young2008near' undefined on input line 1540.

[72]

Package natbib Warning: Citation `Vanneste2013' on page 73 undefined on input l
ine 1549.

[73]
Overfull \hbox (37.4237pt too wide) in paragraph at lines 1558--1558
[]\OT1/cmr/bx/n/17.28 Comparison of three-component model and Boussi-
 []


Overfull \hbox (23.6516pt too wide) in paragraph at lines 1564--1564
[]\OT1/cmr/bx/n/17.28 A con-sis-tent two-dimensionalization of the three-
 []

[74] [75] [76] [77]

Package natbib Warning: Citation `danioux2015concentration' on page 78 undefine
d on input line 1619.


Package natbib Warning: Citation `danioux2015concentration' on page 78 undefine
d on input line 1619.

[78]

LaTeX Warning: Reference `phiEqnImproved' on page 79 undefined on input line 16
43.

[79] [80] <stimulatedEarlyEvolution.jpg, id=1787, 3437.84375pt x 2022.55624pt>
File: stimulatedEarlyEvolution.jpg Graphic file (type jpg)

<use stimulatedEarlyEvolution.jpg>
Package pdftex.def Info: stimulatedEarlyEvolution.jpg used on input line 1661.
(pdftex.def)             Requested size: 632.36249pt x 372.00673pt.
 [81] [82 <./stimulatedEarlyEvolution.jpg>]
<dispersivity_t400.pdf, id=1803, 2229.32875pt x 1556.81625pt>
File: dispersivity_t400.pdf Graphic file (type pdf)

<use dispersivity_t400.pdf>
Package pdftex.def Info: dispersivity_t400.pdf used on input line 1673.
(pdftex.def)             Requested size: 433.62001pt x 302.80591pt.
 [83 <./dispersivity_t400.pdf>] [84]

LaTeX Warning: Reference `phiEqnImprovedTransform' on page 85 undefined on inpu
t line 1724.

[85] [86]
Chapter 4.

Overfull \hbox (5.46635pt too wide) in paragraph at lines 1757--1758
[]\OT1/cmr/m/n/12 Internal tides are freely-propagating inertia-gravity waves w
ith di-ur-nal or semid-
 []


Package natbib Warning: Citation `zhao2016global' on page 87 undefined on input
 line 1759.


Package natbib Warning: Citation `egbert2000significant' on page 87 undefined o
n input line 1759.


Package natbib Warning: Citation `Ferrari2009' on page 87 undefined on input li
ne 1759.

[87

]

Package natbib Warning: Citation `wunsch1975internal' on page 88 undefined on i
nput line 1761.


Package natbib Warning: Citation `munk1981internal' on page 88 undefined on inp
ut line 1761.


Package natbib Warning: Citation `ponte2015incoherent' on page 88 undefined on 
input line 1761.


Package natbib Warning: Citation `buhler2005wavecapture' on page 88 undefined o
n input line 1763.


Package natbib Warning: Citation `polzin2010mesoscale' on page 88 undefined on 
input line 1763.

[88]

Package natbib Warning: Citation `YBJ' on page 89 undefined on input line 1769.


[89]
LaTeX Font Info:    Try loading font information for U+eus on input line 1798.
 (/usr/local/texlive/2015/texmf-dist/tex/latex/amsfonts/ueus.fd
File: ueus.fd 2013/01/14 v3.01 Euler Script
) [90]

Package natbib Warning: Citation `roberts1985introduction' on page 91 undefined
 on input line 1818.

[91] [92]
Appendix A.
[93

] [94] [95] [96] [97] [98]
No file exampleDissertation.bbl.

Package natbib Warning: There were undefined citations.

Package atveryend Info: Empty hook `BeforeClearDocument' on input line 1954.
Package atveryend Info: Empty hook `AfterLastShipout' on input line 1954.
(./exampleDissertation.aux)
Package atveryend Info: Executing hook `AtVeryEndDocument' on input line 1954.
Package atveryend Info: Executing hook `AtEndAfterFileList' on input line 1954.

Package rerunfilecheck Info: File `exampleDissertation.out' has not changed.
(rerunfilecheck)             Checksum: E16ED4F740869EEF1AF45B291F6BDE9F;5487.


LaTeX Warning: There were undefined references.

Package atveryend Info: Empty hook `AtVeryVeryEnd' on input line 1954.
 ) 
Here is how much of TeX's memory you used:
 11531 strings out of 493089
 168788 string characters out of 6134842
 297382 words of memory out of 5000000
 14294 multiletter control sequences out of 15000+600000
 28412 words of font info for 110 fonts, out of 8000000 for 9000
 1141 hyphenation exceptions out of 8191
 53i,21n,92p,1290b,579s stack positions out of 5000i,500n,10000p,200000b,80000s
pdfTeX warning (dest): name{Hfootnote.2} has been referenced but does not exi
st, replaced by a fixed one

pdfTeX warning (dest): name{Hfootnote.1} has been referenced but does not exist
, replaced by a fixed one

</usr/local/texlive/2015/texmf-dist/fonts/type1/public/mnsymbol/MnSymbol-Bold10
.pfb></usr/local/texlive/2015/texmf-dist/fonts/type1/public/mnsymbol/MnSymbol10
.pfb></usr/local/texlive/2015/texmf-dist/fonts/type1/public/amsfonts/cm/cmbsy10
.pfb></usr/local/texlive/2015/texmf-dist/fonts/type1/public/amsfonts/cmextra/cm
bsy8.pfb></usr/local/texlive/2015/texmf-dist/fonts/type1/public/amsfonts/cm/cmb
x12.pfb></usr/local/texlive/2015/texmf-dist/fonts/type1/public/amsfonts/cm/cmbx
8.pfb></usr/local/texlive/2015/texmf-dist/fonts/type1/public/amsfonts/cm/cmex10
.pfb></usr/local/texlive/2015/texmf-dist/fonts/type1/public/amsfonts/cm/cmmi10.
pfb></usr/local/texlive/2015/texmf-dist/fonts/type1/public/amsfonts/cm/cmmi12.p
fb></usr/local/texlive/2015/texmf-dist/fonts/type1/public/amsfonts/cm/cmmi6.pfb
></usr/local/texlive/2015/texmf-dist/fonts/type1/public/amsfonts/cm/cmmi7.pfb><
/usr/local/texlive/2015/texmf-dist/fonts/type1/public/amsfonts/cm/cmmi8.pfb></u
sr/local/texlive/2015/texmf-dist/fonts/type1/public/amsfonts/cm/cmmib10.pfb></u
sr/local/texlive/2015/texmf-dist/fonts/type1/public/amsfonts/cmextra/cmmib8.pfb
></usr/local/texlive/2015/texmf-dist/fonts/type1/public/amsfonts/cm/cmr10.pfb><
/usr/local/texlive/2015/texmf-dist/fonts/type1/public/amsfonts/cm/cmr12.pfb></u
sr/local/texlive/2015/texmf-dist/fonts/type1/public/amsfonts/cm/cmr6.pfb></usr/
local/texlive/2015/texmf-dist/fonts/type1/public/amsfonts/cm/cmr7.pfb></usr/loc
al/texlive/2015/texmf-dist/fonts/type1/public/amsfonts/cm/cmr8.pfb></usr/local/
texlive/2015/texmf-dist/fonts/type1/public/amsfonts/cm/cmss12.pfb></usr/local/t
exlive/2015/texmf-dist/fonts/type1/public/amsfonts/cm/cmssbx10.pfb></usr/local/
texlive/2015/texmf-dist/fonts/type1/public/amsfonts/cm/cmsy10.pfb></usr/local/t
exlive/2015/texmf-dist/fonts/type1/public/amsfonts/cm/cmsy7.pfb></usr/local/tex
live/2015/texmf-dist/fonts/type1/public/amsfonts/cm/cmsy8.pfb></usr/local/texli
ve/2015/texmf-dist/fonts/type1/public/amsfonts/cm/cmti12.pfb></usr/local/texliv
e/2015/texmf-dist/fonts/type1/public/amsfonts/euler/eusm10.pfb></usr/local/texl
ive/2015/texmf-dist/fonts/type1/public/amsfonts/symbols/msam10.pfb></usr/local/
texlive/2015/texmf-dist/fonts/type1/public/amsfonts/symbols/msbm10.pfb>
Output written on exampleDissertation.pdf (113 pages, 8755403 bytes).
PDF statistics:
 2182 PDF objects out of 2487 (max. 8388607)
 1920 compressed objects within 20 object streams
 473 named destinations out of 1000 (max. 500000)
 569 words of extra memory for PDF output out of 10000 (max. 10000000)

