\BOOKMARK [0][-]{section*.1}{Signature Page}{}% 1
\BOOKMARK [0][-]{section*.2}{Epigraph}{}% 2
\BOOKMARK [0][-]{section*.3}{Table of Contents}{}% 3
\BOOKMARK [0][-]{section*.4}{List of Figures}{}% 4
\BOOKMARK [0][-]{section*.5}{List of Tables}{}% 5
\BOOKMARK [0][-]{section*.6}{Acknowledgements}{}% 6
\BOOKMARK [0][-]{section*.7}{Vita}{}% 7
\BOOKMARK [0][-]{section*.9}{Abstract of the Dissertation}{}% 8
\BOOKMARK [0][-]{chapter.1}{Introduction}{}% 9
\BOOKMARK [1][-]{section.1.1}{Waves and flow}{chapter.1}% 10
\BOOKMARK [1][-]{section.1.2}{Mathematical overtures}{chapter.1}% 11
\BOOKMARK [2][-]{subsection.1.2.1}{Dynamics of rotating Boussinesq fluids}{section.1.2}% 12
\BOOKMARK [2][-]{subsection.1.2.2}{Lessons of linear dynamics}{section.1.2}% 13
\BOOKMARK [2][-]{subsection.1.2.3}{Interaction and non-interaction of waves and flow}{section.1.2}% 14
\BOOKMARK [1][-]{section.1.3}{The shape of things to come}{chapter.1}% 15
\BOOKMARK [0][-]{chapter.2}{Available potential vorticity and wave-averaged quasi-geostrophic flow}{}% 16
\BOOKMARK [1][-]{section.2.1}{Introduction}{chapter.2}% 17
\BOOKMARK [1][-]{section.2.2}{Available potential vorticity }{chapter.2}% 18
\BOOKMARK [1][-]{section.2.3}{An expansion in wave amplitude}{chapter.2}% 19
\BOOKMARK [2][-]{subsection.2.3.1}{Linearity of the leading-order solution }{section.2.3}% 20
\BOOKMARK [2][-]{subsection.2.3.2}{The Rossby number and `two-timing'}{section.2.3}% 21
\BOOKMARK [2][-]{subsection.2.3.3}{The non-dimensional Boussinesq and APV equations}{section.2.3}% 22
\BOOKMARK [2][-]{subsection.2.3.4}{Leading order: internal waves}{section.2.3}% 23
\BOOKMARK [2][-]{subsection.2.3.5}{First order: balanced flow and quadratic wave terms}{section.2.3}% 24
\BOOKMARK [2][-]{subsection.2.3.6}{Second and third order: an evolution equation for Q1}{section.2.3}% 25
\BOOKMARK [2][-]{subsection.2.3.7}{Quasi-geostrophic potential vorticity}{section.2.3}% 26
\BOOKMARK [2][-]{subsection.2.3.8}{Boundary conditions}{section.2.3}% 27
\BOOKMARK [1][-]{section.2.4}{The kinematic and rather mundane origins of qw}{chapter.2}% 28
\BOOKMARK [2][-]{subsection.2.4.1}{The wave-averaged fluid element}{section.2.4}% 29
\BOOKMARK [2][-]{subsection.2.4.2}{Rotation of mean fluid elements}{section.2.4}% 30
\BOOKMARK [2][-]{subsection.2.4.3}{Dilation of wave-averaged fluid elements}{section.2.4}% 31
\BOOKMARK [1][-]{section.2.5}{Wave-induced mean motion}{chapter.2}% 32
\BOOKMARK [2][-]{subsection.2.5.1}{The Bretherton flow: mean motion induced by a vertically-propagating plane wave}{section.2.5}% 33
\BOOKMARK [2][-]{subsection.2.5.2}{Mean motion induced by a vertical mode-one internal wave}{section.2.5}% 34
\BOOKMARK [1][-]{section.2.6}{Discussion}{chapter.2}% 35
\BOOKMARK [1][-]{section.1.2.A}{Quadratic wave properties}{chapter.2}% 36
\BOOKMARK [2][-]{subsection.1.2.A.1}{The virial equation and the Stokes correction to pressure}{section.1.2.A}% 37
\BOOKMARK [2][-]{subsection.1.2.A.2}{The `gradient virial equation'}{section.1.2.A}% 38
\BOOKMARK [2][-]{subsection.1.2.A.3}{The Stokes velocity correction and wave-averaged velocity}{section.1.2.A}% 39
\BOOKMARK [1][-]{section.1.2.B}{The wave contribution to APV, qw }{chapter.2}% 40
\BOOKMARK [1][-]{section*.18}{Acknowledgements}{chapter.2}% 41
\BOOKMARK [0][-]{chapter.3}{A three-component model for the coupled evolution of near-inertial waves, quasi-geostrophic flow, and the near-inertial second harmonic}{}% 42
\BOOKMARK [1][-]{section.3.1}{Introduction}{chapter.3}% 43
\BOOKMARK [2][-]{subsection.3.1.1}{The 2 f0 harmonic and motivation for a three-component model}{section.3.1}% 44
\BOOKMARK [2][-]{subsection.3.1.2}{Summary of the three-component model}{section.3.1}% 45
\BOOKMARK [1][-]{section.3.2}{Near-inertial non-dimensionalization}{chapter.3}% 46
\BOOKMARK [1][-]{section.3.3}{The NIW equation}{chapter.3}% 47
\BOOKMARK [1][-]{section.3.4}{The NIW-averaged potential vorticity}{chapter.3}% 48
\BOOKMARK [1][-]{section.3.5}{Remodeling}{chapter.3}% 49
\BOOKMARK [1][-]{section.3.6}{Conservation laws}{chapter.3}% 50
\BOOKMARK [1][-]{section.3.7}{Comparison of three-component model and Boussinesq equations}{chapter.3}% 51
\BOOKMARK [1][-]{section.3.8}{Energy transfer and production of small vertical scales}{chapter.3}% 52
\BOOKMARK [1][-]{section.3.9}{Discussion}{chapter.3}% 53
\BOOKMARK [1][-]{section.2.3.A}{A consistent two-dimensionalization of the three-component model}{chapter.3}% 54
\BOOKMARK [2][-]{subsection.2.3.A.1}{Scaling the strength of wave-induced mean flows}{section.2.3.A}% 55
\BOOKMARK [2][-]{subsection.2.3.A.2}{Near-inertial interruption of free turbulent decay}{section.2.3.A}% 56
\BOOKMARK [2][-]{subsection.2.3.A.3}{The pseudospectral numerical method}{section.2.3.A}% 57
\BOOKMARK [1][-]{section*.22}{Acknowledgements}{chapter.3}% 58
\BOOKMARK [0][-]{chapter.4}{Slow evolution of internal tides in quasi-geostrophic flow}{}% 59
\BOOKMARK [1][-]{section.4.1}{Introduction}{chapter.4}% 60
\BOOKMARK [2][-]{subsection.4.1.1}{Summary of the internal tide equation}{section.4.1}% 61
\BOOKMARK [1][-]{section.4.2}{Hydrostatic internal waves in barotropic flow}{chapter.4}% 62
\BOOKMARK [0][-]{appendix.A}{The Boussinesq equations and `wave operator form'}{}% 63
\BOOKMARK [1][-]{section.A.1}{In the non-hydrostatic Boussinesq equations}{appendix.A}% 64
\BOOKMARK [1][-]{section.A.2}{In the hydrostatic Boussinesq equations}{appendix.A}% 65
\BOOKMARK [2][-]{subsection.A.2.1}{An alternative hydrostatic wave operator form}{section.A.2}% 66
\BOOKMARK [0][-]{appendix*.23}{Bibliography}{}% 67
